<testsuite name="account.Account initialization" tests="1" errors="0" failures="0" skipped="0" time="0.664187" timestamp="2026-09-23T06:30:12.808854" hostname="Krzysztos-MacBook-Air.local"><testcase classname="account.Account initialization" name="Initialize a new account successfully" status="passed" time="0.664187"><system-out>
<![CDATA[
@scenario.begin
  Scenario: Initialize a new account successfully
    Given I initialize a new API account ... passed in 0.664s
    Then the response status code is 200 ... passed in 0.000s
    And the response contains an authentication token ... passed in 0.000s

@scenario.end
--------------------------------------------------------------------------------
]]>
</system-out></testcase></testsuite>