<testsuite name="quote.Quote creation" tests="4" errors="0" failures="2" skipped="0" time="40.323493" timestamp="2026-09-23T06:57:31.130979" hostname="Krzysztos-MacBook-Air.local"><testcase classname="quote.Quote creation" name="Create a conversion quote -- @1.1 " status="passed" time="6.311074"><system-out>
<![CDATA[
@scenario.begin
  Scenario Outline: Create a conversion quote -- @1.1 
    Given I initialize a new API account ... passed in 0.351s
    And I identify the "ETH" wallet "before" the operation ... passed in 0.118s
    And I identify the "TRX" wallet "before" the operation ... passed in 0.072s
    And I record the "ETH" wallet balance "before" the operation ... passed in 0.002s
    And I record the "TRX" wallet balance "before" the operation ... passed in 0.000s
    When I create a quote from "ETH" to "TRX" for "1" ... passed in 0.077s
    Then the response status code is 201 ... passed in 0.000s
    And the quote has the requested currencies ... passed in 0.000s
    And the quote has a positive exchange rate ... passed in 0.000s
    And the quote has a future acceptance expiry date ... passed in 0.000s
    And the quote has a "0.01" percent service fee ... passed in 0.000s
    And the quote value fee is correctly calculated ... passed in 0.000s
    When I accept the created quote ... passed in 0.134s
    Then the response status code is 200 ... passed in 0.000s
    And the quote is accepted and payment is processing ... passed in 0.000s
    When I wait for the quote payment to complete ... passed in 5.306s
    Then the created quote and the accepted quote match outside lifecycle fields ... passed in 0.000s
    And I identify the "ETH" wallet "after" the operation ... passed in 0.156s
    And I identify the "TRX" wallet "after" the operation ... passed in 0.092s
    And I record the "ETH" wallet balance "after" the operation ... passed in 0.000s
    And I record the "TRX" wallet balance "after" the operation ... passed in 0.000s
    And the wallet balances reflect the completed conversion ... passed in 0.000s
    And the output amount is correctly calculated ... passed in 0.000s

@scenario.end
--------------------------------------------------------------------------------
]]>
</system-out></testcase><testcase classname="quote.Quote creation" name="Create a conversion quote -- @1.2 " status="failed" time="6.185593"><failure type="AssertionError" message="Expected quote amountOut 93.937973, but received 93.937974.">
<![CDATA[
Failing step: And the output amount is correctly calculated ... failed in 0.000s
Location: features/quote.feature:26
Assertion Failed: Expected quote amountOut 93.937973, but received 93.937974.]]>
</failure><system-out>
<![CDATA[
@scenario.begin
  Scenario Outline: Create a conversion quote -- @1.2 
    Given I initialize a new API account ... passed in 0.346s
    And I identify the "TRX" wallet "before" the operation ... passed in 0.200s
    And I identify the "USDT" wallet "before" the operation ... passed in 0.188s
    And I record the "TRX" wallet balance "before" the operation ... passed in 0.000s
    And I record the "USDT" wallet balance "before" the operation ... passed in 0.000s
    When I create a quote from "TRX" to "USDT" for "420" ... passed in 0.079s
    Then the response status code is 201 ... passed in 0.000s
    And the quote has the requested currencies ... passed in 0.000s
    And the quote has a positive exchange rate ... passed in 0.000s
    And the quote has a future acceptance expiry date ... passed in 0.000s
    And the quote has a "0.01" percent service fee ... passed in 0.000s
    And the quote value fee is correctly calculated ... passed in 0.000s
    When I accept the created quote ... passed in 0.066s
    Then the response status code is 200 ... passed in 0.000s
    And the quote is accepted and payment is processing ... passed in 0.000s
    When I wait for the quote payment to complete ... passed in 5.156s
    Then the created quote and the accepted quote match outside lifecycle fields ... passed in 0.000s
    And I identify the "TRX" wallet "after" the operation ... passed in 0.075s
    And I identify the "USDT" wallet "after" the operation ... passed in 0.072s
    And I record the "TRX" wallet balance "after" the operation ... passed in 0.000s
    And I record the "USDT" wallet balance "after" the operation ... passed in 0.000s
    And the wallet balances reflect the completed conversion ... passed in 0.000s
    And the output amount is correctly calculated ... failed in 0.000s

@scenario.end
--------------------------------------------------------------------------------
]]>
</system-out></testcase><testcase classname="quote.Quote creation" name="Create a conversion quote -- @1.3 " status="failed" time="6.04266"><failure type="AssertionError" message="Expected quote amountOut 0.07657367, but received 0.07656993.">
<![CDATA[
Failing step: And the output amount is correctly calculated ... failed in 0.000s
Location: features/quote.feature:26
Assertion Failed: Expected quote amountOut 0.07657367, but received 0.07656993.]]>
</failure><system-out>
<![CDATA[
@scenario.begin
  Scenario Outline: Create a conversion quote -- @1.3 
    Given I initialize a new API account ... passed in 0.318s
    And I identify the "TRX" wallet "before" the operation ... passed in 0.114s
    And I identify the "ETH" wallet "before" the operation ... passed in 0.078s
    And I record the "TRX" wallet balance "before" the operation ... passed in 0.000s
    And I record the "ETH" wallet balance "before" the operation ... passed in 0.000s
    When I create a quote from "TRX" to "ETH" for "987" ... passed in 0.074s
    Then the response status code is 201 ... passed in 0.000s
    And the quote has the requested currencies ... passed in 0.000s
    And the quote has a positive exchange rate ... passed in 0.000s
    And the quote has a future acceptance expiry date ... passed in 0.000s
    And the quote has a "0.01" percent service fee ... passed in 0.000s
    And the quote value fee is correctly calculated ... passed in 0.000s
    When I accept the created quote ... passed in 0.135s
    Then the response status code is 200 ... passed in 0.000s
    And the quote is accepted and payment is processing ... passed in 0.000s
    When I wait for the quote payment to complete ... passed in 5.158s
    Then the created quote and the accepted quote match outside lifecycle fields ... passed in 0.000s
    And I identify the "TRX" wallet "after" the operation ... passed in 0.076s
    And I identify the "ETH" wallet "after" the operation ... passed in 0.086s
    And I record the "TRX" wallet balance "after" the operation ... passed in 0.000s
    And I record the "ETH" wallet balance "after" the operation ... passed in 0.000s
    And the wallet balances reflect the completed conversion ... passed in 0.000s
    And the output amount is correctly calculated ... failed in 0.000s

@scenario.end
--------------------------------------------------------------------------------
]]>
</system-out></testcase><testcase classname="quote.Quote creation" name="An expired quote cannot be accepted" status="passed" time="21.784165"><system-out>
<![CDATA[
@scenario.begin
  Scenario: An expired quote cannot be accepted
    Given I initialize a new API account ... passed in 0.296s
    And I identify the "TRX" wallet "before" the operation ... passed in 0.137s
    And I identify the "USDT" wallet "before" the operation ... passed in 0.080s
    When I create a quote from "TRX" to "USDT" for "100" ... passed in 0.078s
    Then the response status code is 201 ... passed in 0.000s
    When I wait 21 seconds for the created quote to expire ... passed in 21.004s
    And I retrieve the created quote ... passed in 0.094s
    Then the response status code is 200 ... passed in 0.000s
    And the created quote is expired ... passed in 0.000s
    When I try to accept the created quote ... passed in 0.094s
    Then the response status code is 412 ... passed in 0.000s
    And the response detail is "Precondition Failed" ... passed in 0.000s

@scenario.end
--------------------------------------------------------------------------------
]]>
</system-out></testcase></testsuite>